Resetting modules to system default. Reseting $MODULEPATH back to system default. All extra directories will be removed from $MODULEPATH.

Currently Loaded Modules:
  1) shared            4) DefaultModules          7) ucx/1.10.1/dnpjjuc
  2) cpu/0.17.3b (c)   5) slurm/expanse/21.08.8   8) openmpi/4.1.3/oq3qvsv
  3) sdsc/1.0          6) gcc/10.2.0/npcyll4      9) singularitypro/3.9

  Where:
   c:  built natively for AMD Rome

 

WARNING:tensorflow:Callback method `on_train_batch_end` is slow compared to the batch time (batch time: 0.0096s vs `on_train_batch_end` time: 0.0246s). Check your callbacks.
WARNING:tensorflow:Callback method `on_train_batch_end` is slow compared to the batch time (batch time: 0.0097s vs `on_train_batch_end` time: 0.0246s). Check your callbacks.
WARNING:tensorflow:Callback method `on_train_batch_end` is slow compared to the batch time (batch time: 0.0097s vs `on_train_batch_end` time: 0.0246s). Check your callbacks.
WARNING:tensorflow:Callback method `on_train_batch_end` is slow compared to the batch time (batch time: 0.0097s vs `on_train_batch_end` time: 0.0247s). Check your callbacks.
WARNING:tensorflow:Callback method `on_train_batch_end` is slow compared to the batch time (batch time: 0.0096s vs `on_train_batch_end` time: 0.0248s). Check your callbacks.
WARNING:tensorflow:Callback method `on_train_batch_end` is slow compared to the batch time (batch time: 0.0097s vs `on_train_batch_end` time: 0.0248s). Check your callbacks.
WARNING:tensorflow:Callback method `on_train_batch_end` is slow compared to the batch time (batch time: 0.0097s vs `on_train_batch_end` time: 0.0246s). Check your callbacks.
WARNING:tensorflow:Callback method `on_train_batch_end` is slow compared to the batch time (batch time: 0.0097s vs `on_train_batch_end` time: 0.0248s). Check your callbacks.
WARNING:tensorflow:Callback method `on_train_batch_end` is slow compared to the batch time (batch time: 0.0097s vs `on_train_batch_end` time: 0.0245s). Check your callbacks.
WARNING:tensorflow:Callback method `on_train_batch_end` is slow compared to the batch time (batch time: 0.0097s vs `on_train_batch_end` time: 0.0245s). Check your callbacks.
WARNING:tensorflow:Callback method `on_train_batch_end` is slow compared to the batch time (batch time: 0.0096s vs `on_train_batch_end` time: 0.0245s). Check your callbacks.
WARNING:tensorflow:Callback method `on_train_batch_end` is slow compared to the batch time (batch time: 0.0097s vs `on_train_batch_end` time: 0.0245s). Check your callbacks.
WARNING:tensorflow:Callback method `on_train_batch_end` is slow compared to the batch time (batch time: 0.0097s vs `on_train_batch_end` time: 0.0245s). Check your callbacks.
WARNING:tensorflow:Callback method `on_train_batch_end` is slow compared to the batch time (batch time: 0.0096s vs `on_train_batch_end` time: 0.0247s). Check your callbacks.
WARNING:tensorflow:Callback method `on_train_batch_end` is slow compared to the batch time (batch time: 0.0096s vs `on_train_batch_end` time: 0.0245s). Check your callbacks.
WARNING:tensorflow:Callback method `on_train_batch_end` is slow compared to the batch time (batch time: 0.0096s vs `on_train_batch_end` time: 0.0245s). Check your callbacks.
